{
  message: 'Database connected successfully',
  level: 'info',
  label: 'UM!',
  timestamp: '2023-06-11T13:00:19.933Z'
}
{
  message: 'Application app listening on port 5000',
  level: 'info',
  label: 'UM!',
  timestamp: '2023-06-11T13:00:19.970Z'
}
{
  message: 'Database connected successfully',
  level: 'info',
  label: 'UM!',
  timestamp: '2023-06-11T13:01:01.478Z'
}
{
  message: 'Application app listening on port 5000',
  level: 'info',
  label: 'UM!',
  timestamp: '2023-06-11T13:01:01.499Z'
}
{
  message: 'Database connected successfully',
  level: 'info',
  label: 'UM!',
  timestamp: '2023-06-11T13:03:58.771Z'
}
{
  message: 'Application app listening on port 5000',
  level: 'info',
  label: 'UM!',
  timestamp: '2023-06-11T13:03:58.787Z'
}
{
  message: 'Database connected successfully',
  level: 'info',
  label: 'UM!',
  timestamp: '2023-06-11T13:04:18.343Z'
}
{
  message: 'Application app listening on port 5000',
  level: 'info',
  label: 'UM!',
  timestamp: '2023-06-11T13:04:18.376Z'
}
