{
  message: 'Database connected successfully',
  level: 'info',
  label: 'UM!',
  timestamp: '2023-06-11T12:53:14.981Z'
}
{
  message: 'Application app listening on port 5000',
  level: 'info',
  label: 'UM!',
  timestamp: '2023-06-11T12:53:14.997Z'
}
{
  message: 'Database connected successfully',
  level: 'info',
  label: 'UM!',
  timestamp: '2023-06-11T12:58:55.785Z'
}
{
  message: 'Application app listening on port 5000',
  level: 'info',
  label: 'UM!',
  timestamp: '2023-06-11T12:58:55.803Z'
}
{
  message: 'Database connected successfully',
  level: 'info',
  label: 'UM!',
  timestamp: '2023-06-11T12:59:09.151Z'
}
{
  message: 'Application app listening on port 5000',
  level: 'info',
  label: 'UM!',
  timestamp: '2023-06-11T12:59:09.168Z'
}
