{
  message: 'Database connected successfully',
  level: 'info',
  label: 'UM!',
  timestamp: '2023-06-11T09:00:41.658Z'
}
{
  message: 'Application app listening on port 5000',
  level: 'info',
  label: 'UM!',
  timestamp: '2023-06-11T09:00:41.669Z'
}
{
  message: 'Database connected successfully',
  level: 'info',
  label: 'UM!',
  timestamp: '2023-06-11T09:08:59.383Z'
}
{
  message: 'Application app listening on port 5000',
  level: 'info',
  label: 'UM!',
  timestamp: '2023-06-11T09:08:59.401Z'
}
{
  message: 'Database connected successfully',
  level: 'info',
  label: 'UM!',
  timestamp: '2023-06-11T09:11:27.515Z'
}
{
  message: 'Application app listening on port 5000',
  level: 'info',
  label: 'UM!',
  timestamp: '2023-06-11T09:11:27.529Z'
}
