{
  message: 'Database connected successfully',
  level: 'info',
  label: 'UM!',
  timestamp: '2023-06-11T05:33:11.701Z'
}
{
  message: 'Application app listening on port 5000',
  level: 'info',
  label: 'UM!',
  timestamp: '2023-06-11T05:33:11.727Z'
}
{
  message: 'Database connected successfully',
  level: 'info',
  label: 'UM!',
  timestamp: '2023-06-11T05:46:55.250Z'
}
{
  message: 'Application app listening on port 5000',
  level: 'info',
  label: 'UM!',
  timestamp: '2023-06-11T05:46:55.270Z'
}
{
  message: 'Database connected successfully',
  level: 'info',
  label: 'UM!',
  timestamp: '2023-06-11T05:47:54.522Z'
}
{
  message: 'Application app listening on port 5000',
  level: 'info',
  label: 'UM!',
  timestamp: '2023-06-11T05:47:54.555Z'
}
{
  message: 'Database connected successfully',
  level: 'info',
  label: 'UM!',
  timestamp: '2023-06-11T05:49:07.475Z'
}
{
  message: 'Application app listening on port 5000',
  level: 'info',
  label: 'UM!',
  timestamp: '2023-06-11T05:49:07.505Z'
}
{
  message: 'Database connected successfully',
  level: 'info',
  label: 'UM!',
  timestamp: '2023-06-11T05:54:28.011Z'
}
{
  message: 'Application app listening on port 5000',
  level: 'info',
  label: 'UM!',
  timestamp: '2023-06-11T05:54:28.023Z'
}
{
  message: 'Database connected successfully',
  level: 'info',
  label: 'UM!',
  timestamp: '2023-06-11T05:55:55.884Z'
}
{
  message: 'Application app listening on port 5000',
  level: 'info',
  label: 'UM!',
  timestamp: '2023-06-11T05:55:55.911Z'
}
{
  message: 'Database connected successfully',
  level: 'info',
  label: 'UM!',
  timestamp: '2023-06-11T05:56:23.632Z'
}
{
  message: 'Application app listening on port 5000',
  level: 'info',
  label: 'UM!',
  timestamp: '2023-06-11T05:56:23.645Z'
}
