{
  errno: undefined,
  code: 'EREFUSED',
  syscall: 'querySrv',
  hostname: '_mongodb._tcp.cluster0.wc7jl9l.mongodb.net',
  level: 'error',
  message: 'Failed to connect database querySrv EREFUSED _mongodb._tcp.cluster0.wc7jl9l.mongodb.net',
  stack: 'Error: querySrv EREFUSED _mongodb._tcp.cluster0.wc7jl9l.mongodb.net\n' +
    '    at QueryReqWrap.onresolve [as oncomplete] (node:internal/dns/promises:251:17)',
  label: 'UM!',
  timestamp: '2023-06-13T09:47:27.391Z'
}
{
  errno: undefined,
  code: 'EREFUSED',
  syscall: 'querySrv',
  hostname: '_mongodb._tcp.cluster0.wc7jl9l.mongodb.net',
  level: 'error',
  message: 'Failed to connect database querySrv EREFUSED _mongodb._tcp.cluster0.wc7jl9l.mongodb.net',
  stack: 'Error: querySrv EREFUSED _mongodb._tcp.cluster0.wc7jl9l.mongodb.net\n' +
    '    at QueryReqWrap.onresolve [as oncomplete] (node:internal/dns/promises:251:17)',
  label: 'UM!',
  timestamp: '2023-06-13T09:48:20.066Z'
}
{
  errno: undefined,
  code: 'EREFUSED',
  syscall: 'querySrv',
  hostname: '_mongodb._tcp.cluster0.wc7jl9l.mongodb.net',
  level: 'error',
  message: 'Failed to connect database querySrv EREFUSED _mongodb._tcp.cluster0.wc7jl9l.mongodb.net',
  stack: 'Error: querySrv EREFUSED _mongodb._tcp.cluster0.wc7jl9l.mongodb.net\n' +
    '    at QueryReqWrap.onresolve [as oncomplete] (node:internal/dns/promises:251:17)',
  label: 'UM!',
  timestamp: '2023-06-13T09:49:14.116Z'
}
{
  connectionGeneration: 0,
  level: 'error',
  message: 'Failed to connect database connection timed out',
  stack: 'MongoNetworkTimeoutError: connection timed out\n' +
    '    at connectionFailureError (C:\\level2\\university-management-auth-service\\node_modules\\mongodb\\src\\cmap\\connect.ts:493:14)\n' +
    '    at TLSSocket.<anonymous> (C:\\level2\\university-management-auth-service\\node_modules\\mongodb\\src\\cmap\\connect.ts:392:16)\n' +
    '    at Object.onceWrapper (node:events:627:28)\n' +
    '    at TLSSocket.emit (node:events:513:28)\n' +
    '    at TLSSocket.Socket._onTimeout (node:net:570:8)\n' +
    '    at listOnTimeout (node:internal/timers:569:17)\n' +
    '    at processTimers (node:internal/timers:512:7)',
  label: 'UM!',
  timestamp: '2023-06-13T09:51:13.631Z',
  [Symbol(errorLabels)]: Set(0) {}
}
{
  connectionGeneration: 0,
  level: 'error',
  message: 'Failed to connect database connection 1 to 13.127.242.74:27017 timed out',
  stack: 'MongoNetworkTimeoutError: connection 1 to 13.127.242.74:27017 timed out\n' +
    '    at Timeout._onTimeout (C:\\level2\\university-management-auth-service\\node_modules\\mongodb\\src\\cmap\\connection.ts:327:26)\n' +
    '    at listOnTimeout (node:internal/timers:569:17)\n' +
    '    at processTimers (node:internal/timers:512:7)',
  label: 'UM!',
  timestamp: '2023-06-13T09:52:33.581Z',
  [Symbol(errorLabels)]: Set(1) { 'ResetPool' },
  [Symbol(beforeHandshake)]: true
}
{
  message: 'Failed to connect database Server selection timed out after 30000 ms',
  reason: TopologyDescription {
    type: 'ReplicaSetNoPrimary',
    servers: Map(3) {
      'ac-trncuhp-shard-00-00.wc7jl9l.mongodb.net:27017' => ServerDescription {
        address: 'ac-trncuhp-shard-00-00.wc7jl9l.mongodb.net:27017',
        type: 'Unknown',
        hosts: [],
        passives: [],
        arbiters: [],
        tags: {},
        minWireVersion: 0,
        maxWireVersion: 0,
        roundTripTime: -1,
        lastUpdateTime: 387021625,
        lastWriteDate: 0,
        error: null,
        topologyVersion: null,
        setName: null,
        setVersion: null,
        electionId: null,
        logicalSessionTimeoutMinutes: null,
        primary: null,
        me: null,
        '$clusterTime': null
      },
      'ac-trncuhp-shard-00-01.wc7jl9l.mongodb.net:27017' => ServerDescription {
        address: 'ac-trncuhp-shard-00-01.wc7jl9l.mongodb.net:27017',
        type: 'Unknown',
        hosts: [],
        passives: [],
        arbiters: [],
        tags: {},
        minWireVersion: 0,
        maxWireVersion: 0,
        roundTripTime: -1,
        lastUpdateTime: 387021625,
        lastWriteDate: 0,
        error: null,
        topologyVersion: null,
        setName: null,
        setVersion: null,
        electionId: null,
        logicalSessionTimeoutMinutes: null,
        primary: null,
        me: null,
        '$clusterTime': null
      },
      'ac-trncuhp-shard-00-02.wc7jl9l.mongodb.net:27017' => ServerDescription {
        address: 'ac-trncuhp-shard-00-02.wc7jl9l.mongodb.net:27017',
        type: 'RSSecondary',
        hosts: [
          'ac-trncuhp-shard-00-00.wc7jl9l.mongodb.net:27017',
          'ac-trncuhp-shard-00-01.wc7jl9l.mongodb.net:27017',
          'ac-trncuhp-shard-00-02.wc7jl9l.mongodb.net:27017'
        ],
        passives: [],
        arbiters: [],
        tags: {
          workloadType: 'OPERATIONAL',
          region: 'AP_SOUTH_1',
          nodeType: 'ELECTABLE',
          provider: 'AWS'
        },
        minWireVersion: 0,
        maxWireVersion: 17,
        roundTripTime: 2458,
        lastUpdateTime: 387044527,
        lastWriteDate: 2023-06-13T09:54:52.000Z,
        error: null,
        topologyVersion: {
          processId: new ObjectId("647e2ddd607c7e9750b34ff8"),
          counter: 4
        },
        setName: 'atlas-e6xgb4-shard-0',
        setVersion: 3,
        electionId: null,
        logicalSessionTimeoutMinutes: 30,
        primary: 'ac-trncuhp-shard-00-01.wc7jl9l.mongodb.net:27017',
        me: 'ac-trncuhp-shard-00-02.wc7jl9l.mongodb.net:27017',
        '$clusterTime': {
          clusterTime: new Timestamp({ t: 1686650092, i: 9 }),
          signature: {
            hash: Binary.createFromBase64("9hOzhcx9SI+atrIJ9Qjjls1zRj8=", 0),
            keyId: new Long("7185405403453194242")
          }
        }
      }
    },
    stale: false,
    compatible: true,
    heartbeatFrequencyMS: 10000,
    localThresholdMS: 15,
    setName: 'atlas-e6xgb4-shard-0',
    maxElectionId: null,
    maxSetVersion: null,
    commonWireVersion: 0,
    logicalSessionTimeoutMinutes: 30
  },
  code: undefined,
  level: 'error',
  stack: 'MongooseServerSelectionError: Server selection timed out after 30000 ms\n' +
    '    at _handleConnectionErrors (C:\\level2\\university-management-auth-service\\node_modules\\mongoose\\lib\\connection.js:792:11)\n' +
    '    at NativeConnection.openUri (C:\\level2\\university-management-auth-service\\node_modules\\mongoose\\lib\\connection.js:767:11)\n' +
    '    at processTicksAndRejections (node:internal/process/task_queues:95:5)',
  label: 'UM!',
  timestamp: '2023-06-13T09:55:01.424Z'
}
{
  errno: undefined,
  code: 'EREFUSED',
  syscall: 'querySrv',
  hostname: '_mongodb._tcp.cluster0.wc7jl9l.mongodb.net',
  level: 'error',
  message: 'Failed to connect database querySrv EREFUSED _mongodb._tcp.cluster0.wc7jl9l.mongodb.net',
  stack: 'Error: querySrv EREFUSED _mongodb._tcp.cluster0.wc7jl9l.mongodb.net\n' +
    '    at QueryReqWrap.onresolve [as oncomplete] (node:internal/dns/promises:251:17)',
  label: 'UM!',
  timestamp: '2023-06-13T09:59:07.650Z'
}
