{
  errno: undefined,
  code: 'EREFUSED',
  syscall: 'querySrv',
  hostname: '_mongodb._tcp.cluster0.wc7jl9l.mongodb.net',
  level: 'error',
  message: 'Failed to connect database querySrv EREFUSED _mongodb._tcp.cluster0.wc7jl9l.mongodb.net',
  stack: 'Error: querySrv EREFUSED _mongodb._tcp.cluster0.wc7jl9l.mongodb.net\n' +
    '    at QueryReqWrap.onresolve [as oncomplete] (node:internal/dns/promises:251:17)',
  label: 'UM!',
  timestamp: '2023-06-12T10:20:50.660Z'
}
{
  errno: undefined,
  code: 'EREFUSED',
  syscall: 'querySrv',
  hostname: '_mongodb._tcp.cluster0.wc7jl9l.mongodb.net',
  level: 'error',
  message: 'Failed to connect database querySrv EREFUSED _mongodb._tcp.cluster0.wc7jl9l.mongodb.net',
  stack: 'Error: querySrv EREFUSED _mongodb._tcp.cluster0.wc7jl9l.mongodb.net\n' +
    '    at QueryReqWrap.onresolve [as oncomplete] (node:internal/dns/promises:251:17)',
  label: 'UM!',
  timestamp: '2023-06-12T10:21:58.956Z'
}
{
  errno: undefined,
  code: 'EREFUSED',
  syscall: 'querySrv',
  hostname: '_mongodb._tcp.cluster0.wc7jl9l.mongodb.net',
  level: 'error',
  message: 'Failed to connect database querySrv EREFUSED _mongodb._tcp.cluster0.wc7jl9l.mongodb.net',
  stack: 'Error: querySrv EREFUSED _mongodb._tcp.cluster0.wc7jl9l.mongodb.net\n' +
    '    at QueryReqWrap.onresolve [as oncomplete] (node:internal/dns/promises:251:17)',
  label: 'UM!',
  timestamp: '2023-06-12T10:26:14.697Z'
}
{
  errno: undefined,
  code: 'EREFUSED',
  syscall: 'querySrv',
  hostname: '_mongodb._tcp.cluster0.wc7jl9l.mongodb.net',
  level: 'error',
  message: 'Failed to connect database querySrv EREFUSED _mongodb._tcp.cluster0.wc7jl9l.mongodb.net',
  stack: 'Error: querySrv EREFUSED _mongodb._tcp.cluster0.wc7jl9l.mongodb.net\n' +
    '    at QueryReqWrap.onresolve [as oncomplete] (node:internal/dns/promises:251:17)',
  label: 'UM!',
  timestamp: '2023-06-12T10:26:19.934Z'
}
{
  errno: undefined,
  code: 'EREFUSED',
  syscall: 'querySrv',
  hostname: '_mongodb._tcp.cluster0.wc7jl9l.mongodb.net',
  level: 'error',
  message: 'Failed to connect database querySrv EREFUSED _mongodb._tcp.cluster0.wc7jl9l.mongodb.net',
  stack: 'Error: querySrv EREFUSED _mongodb._tcp.cluster0.wc7jl9l.mongodb.net\n' +
    '    at QueryReqWrap.onresolve [as oncomplete] (node:internal/dns/promises:251:17)',
  label: 'UM!',
  timestamp: '2023-06-12T10:43:09.619Z'
}
{
  errno: undefined,
  code: 'EREFUSED',
  syscall: 'querySrv',
  hostname: '_mongodb._tcp.cluster0.wc7jl9l.mongodb.net',
  level: 'error',
  message: 'Failed to connect database querySrv EREFUSED _mongodb._tcp.cluster0.wc7jl9l.mongodb.net',
  stack: 'Error: querySrv EREFUSED _mongodb._tcp.cluster0.wc7jl9l.mongodb.net\n' +
    '    at QueryReqWrap.onresolve [as oncomplete] (node:internal/dns/promises:251:17)',
  label: 'UM!',
  timestamp: '2023-06-12T10:44:18.649Z'
}
{
  errno: undefined,
  code: 'EREFUSED',
  syscall: 'querySrv',
  hostname: '_mongodb._tcp.cluster0.wc7jl9l.mongodb.net',
  level: 'error',
  message: 'Failed to connect database querySrv EREFUSED _mongodb._tcp.cluster0.wc7jl9l.mongodb.net',
  stack: 'Error: querySrv EREFUSED _mongodb._tcp.cluster0.wc7jl9l.mongodb.net\n' +
    '    at QueryReqWrap.onresolve [as oncomplete] (node:internal/dns/promises:251:17)',
  label: 'UM!',
  timestamp: '2023-06-12T10:44:30.875Z'
}
{
  errno: undefined,
  code: 'EREFUSED',
  syscall: 'querySrv',
  hostname: '_mongodb._tcp.cluster0.wc7jl9l.mongodb.net',
  level: 'error',
  message: 'Failed to connect database querySrv EREFUSED _mongodb._tcp.cluster0.wc7jl9l.mongodb.net',
  stack: 'Error: querySrv EREFUSED _mongodb._tcp.cluster0.wc7jl9l.mongodb.net\n' +
    '    at QueryReqWrap.onresolve [as oncomplete] (node:internal/dns/promises:251:17)',
  label: 'UM!',
  timestamp: '2023-06-12T10:51:42.394Z'
}
{
  errno: undefined,
  code: 'EREFUSED',
  syscall: 'querySrv',
  hostname: '_mongodb._tcp.cluster0.wc7jl9l.mongodb.net',
  level: 'error',
  message: 'Failed to connect database querySrv EREFUSED _mongodb._tcp.cluster0.wc7jl9l.mongodb.net',
  stack: 'Error: querySrv EREFUSED _mongodb._tcp.cluster0.wc7jl9l.mongodb.net\n' +
    '    at QueryReqWrap.onresolve [as oncomplete] (node:internal/dns/promises:251:17)',
  label: 'UM!',
  timestamp: '2023-06-12T10:53:17.938Z'
}
{
  errno: undefined,
  code: 'EREFUSED',
  syscall: 'querySrv',
  hostname: '_mongodb._tcp.cluster0.wc7jl9l.mongodb.net',
  level: 'error',
  message: 'Failed to connect database querySrv EREFUSED _mongodb._tcp.cluster0.wc7jl9l.mongodb.net',
  stack: 'Error: querySrv EREFUSED _mongodb._tcp.cluster0.wc7jl9l.mongodb.net\n' +
    '    at QueryReqWrap.onresolve [as oncomplete] (node:internal/dns/promises:251:17)',
  label: 'UM!',
  timestamp: '2023-06-12T10:53:21.558Z'
}
