{
  message: 'Failed to connect database Server selection timed out after 30000 ms',
  reason: TopologyDescription {
    type: 'ReplicaSetNoPrimary',
    servers: Map(3) {
      'ac-trncuhp-shard-00-00.wc7jl9l.mongodb.net:27017' => ServerDescription {
        address: 'ac-trncuhp-shard-00-00.wc7jl9l.mongodb.net:27017',
        type: 'RSSecondary',
        hosts: [
          'ac-trncuhp-shard-00-00.wc7jl9l.mongodb.net:27017',
          'ac-trncuhp-shard-00-01.wc7jl9l.mongodb.net:27017',
          'ac-trncuhp-shard-00-02.wc7jl9l.mongodb.net:27017'
        ],
        passives: [],
        arbiters: [],
        tags: {
          nodeType: 'ELECTABLE',
          region: 'AP_SOUTH_1',
          provider: 'AWS',
          workloadType: 'OPERATIONAL'
        },
        minWireVersion: 0,
        maxWireVersion: 17,
        roundTripTime: 1702.4,
        lastUpdateTime: 387381044,
        lastWriteDate: 2023-06-13T10:00:30.000Z,
        error: null,
        topologyVersion: {
          processId: new ObjectId("647c855b793ad5c4916f4367"),
          counter: 5
        },
        setName: 'atlas-e6xgb4-shard-0',
        setVersion: 3,
        electionId: null,
        logicalSessionTimeoutMinutes: 30,
        primary: 'ac-trncuhp-shard-00-01.wc7jl9l.mongodb.net:27017',
        me: 'ac-trncuhp-shard-00-00.wc7jl9l.mongodb.net:27017',
        '$clusterTime': {
          clusterTime: new Timestamp({ t: 1686650430, i: 2 }),
          signature: {
            hash: Binary.createFromBase64("Lw57JFBXYz3hGCV/CWlaId2V2Kg=", 0),
            keyId: new Long("7185405403453194242")
          }
        }
      },
      'ac-trncuhp-shard-00-01.wc7jl9l.mongodb.net:27017' => ServerDescription {
        address: 'ac-trncuhp-shard-00-01.wc7jl9l.mongodb.net:27017',
        type: 'Unknown',
        hosts: [],
        passives: [],
        arbiters: [],
        tags: {},
        minWireVersion: 0,
        maxWireVersion: 0,
        roundTripTime: -1,
        lastUpdateTime: 387357555,
        lastWriteDate: 0,
        error: null,
        topologyVersion: null,
        setName: null,
        setVersion: null,
        electionId: null,
        logicalSessionTimeoutMinutes: null,
        primary: null,
        me: null,
        '$clusterTime': null
      },
      'ac-trncuhp-shard-00-02.wc7jl9l.mongodb.net:27017' => ServerDescription {
        address: 'ac-trncuhp-shard-00-02.wc7jl9l.mongodb.net:27017',
        type: 'RSSecondary',
        hosts: [
          'ac-trncuhp-shard-00-00.wc7jl9l.mongodb.net:27017',
          'ac-trncuhp-shard-00-01.wc7jl9l.mongodb.net:27017',
          'ac-trncuhp-shard-00-02.wc7jl9l.mongodb.net:27017'
        ],
        passives: [],
        arbiters: [],
        tags: {
          region: 'AP_SOUTH_1',
          provider: 'AWS',
          nodeType: 'ELECTABLE',
          workloadType: 'OPERATIONAL'
        },
        minWireVersion: 0,
        maxWireVersion: 17,
        roundTripTime: 12269.6,
        lastUpdateTime: 387385628,
        lastWriteDate: 2023-06-13T10:00:33.000Z,
        error: null,
        topologyVersion: {
          processId: new ObjectId("647e2ddd607c7e9750b34ff8"),
          counter: 4
        },
        setName: 'atlas-e6xgb4-shard-0',
        setVersion: 3,
        electionId: null,
        logicalSessionTimeoutMinutes: 30,
        primary: 'ac-trncuhp-shard-00-01.wc7jl9l.mongodb.net:27017',
        me: 'ac-trncuhp-shard-00-02.wc7jl9l.mongodb.net:27017',
        '$clusterTime': {
          clusterTime: new Timestamp({ t: 1686650433, i: 7 }),
          signature: {
            hash: Binary.createFromBase64("kCOMccUOZXG4t1WEJ7G5rFHYPlU=", 0),
            keyId: new Long("7185405403453194242")
          }
        }
      }
    },
    stale: false,
    compatible: true,
    heartbeatFrequencyMS: 10000,
    localThresholdMS: 15,
    setName: 'atlas-e6xgb4-shard-0',
    maxElectionId: null,
    maxSetVersion: null,
    commonWireVersion: 0,
    logicalSessionTimeoutMinutes: 30
  },
  code: undefined,
  level: 'error',
  stack: 'MongooseServerSelectionError: Server selection timed out after 30000 ms\n' +
    '    at _handleConnectionErrors (C:\\level2\\university-management-auth-service\\node_modules\\mongoose\\lib\\connection.js:792:11)\n' +
    '    at NativeConnection.openUri (C:\\level2\\university-management-auth-service\\node_modules\\mongoose\\lib\\connection.js:767:11)\n' +
    '    at processTicksAndRejections (node:internal/process/task_queues:95:5)',
  label: 'UM!',
  timestamp: '2023-06-13T10:00:37.351Z'
}
{
  errno: undefined,
  code: 'EREFUSED',
  syscall: 'querySrv',
  hostname: '_mongodb._tcp.cluster0.wc7jl9l.mongodb.net',
  level: 'error',
  message: 'Failed to connect database querySrv EREFUSED _mongodb._tcp.cluster0.wc7jl9l.mongodb.net',
  stack: 'Error: querySrv EREFUSED _mongodb._tcp.cluster0.wc7jl9l.mongodb.net\n' +
    '    at QueryReqWrap.onresolve [as oncomplete] (node:internal/dns/promises:251:17)',
  label: 'UM!',
  timestamp: '2023-06-13T10:07:43.166Z'
}
{
  errno: undefined,
  code: 'EREFUSED',
  syscall: 'querySrv',
  hostname: '_mongodb._tcp.cluster0.wc7jl9l.mongodb.net',
  level: 'error',
  message: 'Failed to connect database querySrv EREFUSED _mongodb._tcp.cluster0.wc7jl9l.mongodb.net',
  stack: 'Error: querySrv EREFUSED _mongodb._tcp.cluster0.wc7jl9l.mongodb.net\n' +
    '    at QueryReqWrap.onresolve [as oncomplete] (node:internal/dns/promises:251:17)',
  label: 'UM!',
  timestamp: '2023-06-13T10:17:29.992Z'
}
{
  errno: undefined,
  code: 'EREFUSED',
  syscall: 'querySrv',
  hostname: '_mongodb._tcp.cluster0.wc7jl9l.mongodb.net',
  level: 'error',
  message: 'Failed to connect database querySrv EREFUSED _mongodb._tcp.cluster0.wc7jl9l.mongodb.net',
  stack: 'Error: querySrv EREFUSED _mongodb._tcp.cluster0.wc7jl9l.mongodb.net\n' +
    '    at QueryReqWrap.onresolve [as oncomplete] (node:internal/dns/promises:251:17)',
  label: 'UM!',
  timestamp: '2023-06-13T10:21:35.120Z'
}
