{
  errno: undefined,
  code: 'EREFUSED',
  syscall: 'querySrv',
  hostname: '_mongodb._tcp.cluster0.wc7jl9l.mongodb.net',
  level: 'error',
  message: 'Failed to connect database querySrv EREFUSED _mongodb._tcp.cluster0.wc7jl9l.mongodb.net',
  stack: 'Error: querySrv EREFUSED _mongodb._tcp.cluster0.wc7jl9l.mongodb.net\n' +
    '    at QueryReqWrap.onresolve [as oncomplete] (node:internal/dns/promises:251:17)',
  label: 'UM!',
  timestamp: '2023-06-09T03:23:24.255Z'
}
{
  message: "Failed to connect database Could not connect to any servers in your MongoDB Atlas cluster. One common reason is that you're trying to access the database from an IP that isn't whitelisted. Make sure your current IP address is on your Atlas cluster's IP whitelist: https://www.mongodb.com/docs/atlas/security-whitelist/",
  reason: TopologyDescription {
    type: 'ReplicaSetNoPrimary',
    servers: Map(3) {
      'ac-trncuhp-shard-00-00.wc7jl9l.mongodb.net:27017' => ServerDescription {
        address: 'ac-trncuhp-shard-00-00.wc7jl9l.mongodb.net:27017',
        type: 'Unknown',
        hosts: [],
        passives: [],
        arbiters: [],
        tags: {},
        minWireVersion: 0,
        maxWireVersion: 0,
        roundTripTime: -1,
        lastUpdateTime: 18006019,
        lastWriteDate: 0,
        error: null,
        topologyVersion: null,
        setName: null,
        setVersion: null,
        electionId: null,
        logicalSessionTimeoutMinutes: null,
        primary: null,
        me: null,
        '$clusterTime': null
      },
      'ac-trncuhp-shard-00-01.wc7jl9l.mongodb.net:27017' => ServerDescription {
        address: 'ac-trncuhp-shard-00-01.wc7jl9l.mongodb.net:27017',
        type: 'Unknown',
        hosts: [],
        passives: [],
        arbiters: [],
        tags: {},
        minWireVersion: 0,
        maxWireVersion: 0,
        roundTripTime: -1,
        lastUpdateTime: 18006019,
        lastWriteDate: 0,
        error: null,
        topologyVersion: null,
        setName: null,
        setVersion: null,
        electionId: null,
        logicalSessionTimeoutMinutes: null,
        primary: null,
        me: null,
        '$clusterTime': null
      },
      'ac-trncuhp-shard-00-02.wc7jl9l.mongodb.net:27017' => ServerDescription {
        address: 'ac-trncuhp-shard-00-02.wc7jl9l.mongodb.net:27017',
        type: 'Unknown',
        hosts: [],
        passives: [],
        arbiters: [],
        tags: {},
        minWireVersion: 0,
        maxWireVersion: 0,
        roundTripTime: -1,
        lastUpdateTime: 18006019,
        lastWriteDate: 0,
        error: null,
        topologyVersion: null,
        setName: null,
        setVersion: null,
        electionId: null,
        logicalSessionTimeoutMinutes: null,
        primary: null,
        me: null,
        '$clusterTime': null
      }
    },
    stale: false,
    compatible: true,
    heartbeatFrequencyMS: 10000,
    localThresholdMS: 15,
    setName: 'atlas-e6xgb4-shard-0',
    maxElectionId: null,
    maxSetVersion: null,
    commonWireVersion: 0,
    logicalSessionTimeoutMinutes: null
  },
  code: undefined,
  level: 'error',
  stack: "MongooseServerSelectionError: Could not connect to any servers in your MongoDB Atlas cluster. One common reason is that you're trying to access the database from an IP that isn't whitelisted. Make sure your current IP address is on your Atlas cluster's IP whitelist: https://www.mongodb.com/docs/atlas/security-whitelist/\n" +
    '    at _handleConnectionErrors (C:\\level2\\university-management-auth-service\\node_modules\\mongoose\\lib\\connection.js:792:11)\n' +
    '    at NativeConnection.openUri (C:\\level2\\university-management-auth-service\\node_modules\\mongoose\\lib\\connection.js:767:11)\n' +
    '    at processTicksAndRejections (node:internal/process/task_queues:95:5)',
  label: 'UM!',
  timestamp: '2023-06-09T03:25:06.332Z'
}
