{
  errno: undefined,
  code: 'EREFUSED',
  syscall: 'querySrv',
  hostname: '_mongodb._tcp.cluster0.wc7jl9l.mongodb.net',
  level: 'error',
  message: 'Failed to connect database querySrv EREFUSED _mongodb._tcp.cluster0.wc7jl9l.mongodb.net',
  stack: 'Error: querySrv EREFUSED _mongodb._tcp.cluster0.wc7jl9l.mongodb.net\n' +
    '    at QueryReqWrap.onresolve [as oncomplete] (node:internal/dns/promises:251:17)',
  label: 'UM!',
  timestamp: '2023-06-13T07:23:31.631Z'
}
{
  errno: undefined,
  code: 'EREFUSED',
  syscall: 'querySrv',
  hostname: '_mongodb._tcp.cluster0.wc7jl9l.mongodb.net',
  level: 'error',
  message: 'Failed to connect database querySrv EREFUSED _mongodb._tcp.cluster0.wc7jl9l.mongodb.net',
  stack: 'Error: querySrv EREFUSED _mongodb._tcp.cluster0.wc7jl9l.mongodb.net\n' +
    '    at QueryReqWrap.onresolve [as oncomplete] (node:internal/dns/promises:251:17)',
  label: 'UM!',
  timestamp: '2023-06-13T07:23:43.522Z'
}
{
  errno: undefined,
  code: 'EREFUSED',
  syscall: 'querySrv',
  hostname: '_mongodb._tcp.cluster0.wc7jl9l.mongodb.net',
  level: 'error',
  message: 'Failed to connect database querySrv EREFUSED _mongodb._tcp.cluster0.wc7jl9l.mongodb.net',
  stack: 'Error: querySrv EREFUSED _mongodb._tcp.cluster0.wc7jl9l.mongodb.net\n' +
    '    at QueryReqWrap.onresolve [as oncomplete] (node:internal/dns/promises:251:17)',
  label: 'UM!',
  timestamp: '2023-06-13T07:24:59.358Z'
}
{
  errno: undefined,
  code: 'EREFUSED',
  syscall: 'querySrv',
  hostname: '_mongodb._tcp.cluster0.wc7jl9l.mongodb.net',
  level: 'error',
  message: 'Failed to connect database querySrv EREFUSED _mongodb._tcp.cluster0.wc7jl9l.mongodb.net',
  stack: 'Error: querySrv EREFUSED _mongodb._tcp.cluster0.wc7jl9l.mongodb.net\n' +
    '    at QueryReqWrap.onresolve [as oncomplete] (node:internal/dns/promises:251:17)',
  label: 'UM!',
  timestamp: '2023-06-13T07:25:29.233Z'
}
{
  errno: undefined,
  code: 'EREFUSED',
  syscall: 'querySrv',
  hostname: '_mongodb._tcp.cluster0.wc7jl9l.mongodb.net',
  level: 'error',
  message: 'Failed to connect database querySrv EREFUSED _mongodb._tcp.cluster0.wc7jl9l.mongodb.net',
  stack: 'Error: querySrv EREFUSED _mongodb._tcp.cluster0.wc7jl9l.mongodb.net\n' +
    '    at QueryReqWrap.onresolve [as oncomplete] (node:internal/dns/promises:251:17)',
  label: 'UM!',
  timestamp: '2023-06-13T07:26:06.309Z'
}
{
  errno: undefined,
  code: 'EREFUSED',
  syscall: 'querySrv',
  hostname: '_mongodb._tcp.cluster0.wc7jl9l.mongodb.net',
  level: 'error',
  message: 'Failed to connect database querySrv EREFUSED _mongodb._tcp.cluster0.wc7jl9l.mongodb.net',
  stack: 'Error: querySrv EREFUSED _mongodb._tcp.cluster0.wc7jl9l.mongodb.net\n' +
    '    at QueryReqWrap.onresolve [as oncomplete] (node:internal/dns/promises:251:17)',
  label: 'UM!',
  timestamp: '2023-06-13T07:26:39.671Z'
}
{
  errno: undefined,
  code: 'EREFUSED',
  syscall: 'querySrv',
  hostname: '_mongodb._tcp.cluster0.wc7jl9l.mongodb.net',
  level: 'error',
  message: 'Failed to connect database querySrv EREFUSED _mongodb._tcp.cluster0.wc7jl9l.mongodb.net',
  stack: 'Error: querySrv EREFUSED _mongodb._tcp.cluster0.wc7jl9l.mongodb.net\n' +
    '    at QueryReqWrap.onresolve [as oncomplete] (node:internal/dns/promises:251:17)',
  label: 'UM!',
  timestamp: '2023-06-13T07:27:22.554Z'
}
{
  errno: undefined,
  code: 'EREFUSED',
  syscall: 'querySrv',
  hostname: '_mongodb._tcp.cluster0.wc7jl9l.mongodb.net',
  level: 'error',
  message: 'Failed to connect database querySrv EREFUSED _mongodb._tcp.cluster0.wc7jl9l.mongodb.net',
  stack: 'Error: querySrv EREFUSED _mongodb._tcp.cluster0.wc7jl9l.mongodb.net\n' +
    '    at QueryReqWrap.onresolve [as oncomplete] (node:internal/dns/promises:251:17)',
  label: 'UM!',
  timestamp: '2023-06-13T07:27:27.846Z'
}
{
  errno: undefined,
  code: 'EREFUSED',
  syscall: 'querySrv',
  hostname: '_mongodb._tcp.cluster0.wc7jl9l.mongodb.net',
  level: 'error',
  message: 'Failed to connect database querySrv EREFUSED _mongodb._tcp.cluster0.wc7jl9l.mongodb.net',
  stack: 'Error: querySrv EREFUSED _mongodb._tcp.cluster0.wc7jl9l.mongodb.net\n' +
    '    at QueryReqWrap.onresolve [as oncomplete] (node:internal/dns/promises:251:17)',
  label: 'UM!',
  timestamp: '2023-06-13T07:28:26.714Z'
}
{
  errno: undefined,
  code: 'EREFUSED',
  syscall: 'querySrv',
  hostname: '_mongodb._tcp.cluster0.wc7jl9l.mongodb.net',
  level: 'error',
  message: 'Failed to connect database querySrv EREFUSED _mongodb._tcp.cluster0.wc7jl9l.mongodb.net',
  stack: 'Error: querySrv EREFUSED _mongodb._tcp.cluster0.wc7jl9l.mongodb.net\n' +
    '    at QueryReqWrap.onresolve [as oncomplete] (node:internal/dns/promises:251:17)',
  label: 'UM!',
  timestamp: '2023-06-13T07:34:36.659Z'
}
{
  errno: undefined,
  code: 'EREFUSED',
  syscall: 'querySrv',
  hostname: '_mongodb._tcp.cluster0.wc7jl9l.mongodb.net',
  level: 'error',
  message: 'Failed to connect database querySrv EREFUSED _mongodb._tcp.cluster0.wc7jl9l.mongodb.net',
  stack: 'Error: querySrv EREFUSED _mongodb._tcp.cluster0.wc7jl9l.mongodb.net\n' +
    '    at QueryReqWrap.onresolve [as oncomplete] (node:internal/dns/promises:251:17)',
  label: 'UM!',
  timestamp: '2023-06-13T07:34:41.891Z'
}
{
  errno: undefined,
  code: 'EREFUSED',
  syscall: 'querySrv',
  hostname: '_mongodb._tcp.cluster0.wc7jl9l.mongodb.net',
  level: 'error',
  message: 'Failed to connect database querySrv EREFUSED _mongodb._tcp.cluster0.wc7jl9l.mongodb.net',
  stack: 'Error: querySrv EREFUSED _mongodb._tcp.cluster0.wc7jl9l.mongodb.net\n' +
    '    at QueryReqWrap.onresolve [as oncomplete] (node:internal/dns/promises:251:17)',
  label: 'UM!',
  timestamp: '2023-06-13T07:35:46.898Z'
}
